2024-08-18 05:47:49,028 - INFO - url: https://raw.githubusercontent.com/xiongjian83/iptv/main/speedtest/zubo_fofa.txt 获取成功，判断为txt格式
2024-08-18 05:47:49,044 - INFO - url: https://raw.githubusercontent.com/xiongjian83/iptv/main/speedtest/zubo_fofa.txt 爬取成功✅，包含频道分类: 📡  上海频道, 📡  江西频道, 📡  江苏频道, 📡  北京联通, 📡  湖南频道, 📡  四川频道, 📡  浙江频道, 📡  湖北频道, 📡  福建频道, 📡  重庆频道, 📡  广东频道, 📡  天津频道, 📡  河南频道, 📡  山西频道, 📡  广西频道, 📡  河北频道, 📡  陕西频道
2024-08-18 05:47:50,929 - INFO - url: https://jihulab.com/ss3234741/sj/raw/2a8f0afa421a98836bc891698446c7271c2f32f3/lib/live2.txt 获取成功，判断为txt格式
2024-08-18 05:47:50,946 - INFO - url: https://jihulab.com/ss3234741/sj/raw/2a8f0afa421a98836bc891698446c7271c2f32f3/lib/live2.txt 爬取成功✅，包含频道分类: 央视频道, 卫视频道, [港•澳•台], [港•澳•台快速], [港•澳•台快速2], [港•澳•台备用连接慢要等], 国际台, 广东地方台, 电影轮播, 格斗专区, 移动专线电影, 少儿频道, 裸眼3D, 纪录片频道, 经典老歌, 抖音热歌, DJ舞曲, 广场舞mv, 音乐点唱, 经典小品, 测试2, [测试5]
2024-08-18 05:47:53,385 - INFO - url: https://gitcode.net/ygbh66/666/raw/master/x.txt 获取成功，判断为txt格式
2024-08-18 05:47:53,392 - INFO - url: https://gitcode.net/ygbh66/666/raw/master/x.txt 爬取成功✅，包含频道分类: 🌙月光宝盒, 🇨🇳｜央视频道, 📡｜️卫视频道, 天津, 陕西, 广东, 江西, 重庆, 湖南, 湖北, 江苏, 北京, 上海, 浙江, 广西, 山东, 山西, 四川, 安徽, 河南, 福建, 河北, 云南, 贵州, 甘肃, 青海, 宁夏, 吉林, 辽宁, 新疆, 内蒙, 黑龙, 海南, 密码获取, China中国_8888, News新闻_8888, TW_8888, HongKong_8888, 电影Mov_8888, SingP_8888, Malaysia_8888, India_8888, 体育Sport_8888, 儿童Kids_8888, 知识Doc_8888, 印尼ID_8888, USA_8888, CA_8888, JP_8888, KR_8888, OHHK_8888, OHCN_8888, OHTW_8888, OH南美_8888, OH新马_8888, OHKR_8888, OHJP_8888
2024-08-18 05:47:53,542 - INFO - url: https://raw.githubusercontent.com/fanmingming/live/main/tv/m3u/ipv6.m3u 获取成功，判断为m3u格式
2024-08-18 05:47:53,542 - INFO - url: https://raw.githubusercontent.com/fanmingming/live/main/tv/m3u/ipv6.m3u 爬取成功✅，包含频道分类: 央视频道, 卫视频道, 数字频道, 浙江频道, 内蒙频道
2024-08-18 05:47:53,717 - INFO - url: https://raw.githubusercontent.com/yuanzl77/IPTV/main/直播/央视频道.txt 获取成功，判断为txt格式
2024-08-18 05:47:53,717 - INFO - url: https://raw.githubusercontent.com/yuanzl77/IPTV/main/直播/央视频道.txt 爬取成功✅，包含频道分类: 央视频道
2024-08-18 05:47:55,124 - INFO - url: http://120.79.4.185/new/mdlive.txt 获取成功，判断为txt格式
2024-08-18 05:47:55,143 - INFO - url: http://120.79.4.185/new/mdlive.txt 爬取成功✅，包含频道分类: 公告信息, 购买电视盒子, 央卫频道, 中国港澳, 全球频道, 中国湾湾, 央视频道, 卫视频道, 地方频道, IHOT爱ipv6, 体育频道, 4K频道, 电影频道, 歪歪轮播, 虎牙轮播, 斗鱼轮播, 堆堆轮播, MTV视频, 收音广播, 景区直播, 愉快观影, 电影轮播, 童年回忆, 少儿, 下列P3P和MITV, 央卫P3p晴天, 特区P3p晴天, 闽南P3p晴天, 新闻P3p晴天, 跑马P3p晴天, 体育P3p晴天, 电影P3p晴天, 儿童P3p晴天, 知识P3p晴天, 新坡P3p晴天, 马亚P3p晴天, 印度P3p晴天, 加大P3p晴天, 日本P3p晴天, 韩国P3p晴天, 印尼P3p晴天, 美国P3p晴天, 特区晴天P3p, 央卫晴天P3p, 闽南晴天P3p, 新闻晴天P3p, 电影晴天P3p, 新马晴天P3p, 日本晴天P3p, 韩国晴天P3p, 国际晴天P3p, 央卫P2p晴天, 特区P2p晴天, 闽南P2p晴天, 马亚P2p晴天, 新坡P2p晴天, 日本P2p晴天, 韩国P2p晴天, 泰国P2p晴天, 北美P2p晴天, 新闻P2p晴天, 音乐P2p晴天, 体育P2p晴天, 知识P2p晴天, 儿少P2p晴天, 电影P2p晴天, 戏剧P2p晴天, 测试P3p频道
2024-08-18 05:47:55,403 - INFO - url: https://raw.githubusercontent.com/Fairy8o/IPTV/main/PDX-V4.txt 获取成功，判断为txt格式
2024-08-18 05:47:55,416 - INFO - url: https://raw.githubusercontent.com/Fairy8o/IPTV/main/PDX-V4.txt 爬取成功✅，包含频道分类: 👉扫码添加此微信👈, 👉以获取最新链接👈, 👉唯一微信号:Cxx114x👈, 👉定期更换新链接👈, 👉不加此微信无售后👈, 🦁欧洲五大联赛🦁, 🐉独家线路🐯, 🐉电信专线「多线路」, 🐉联通专线「多线路」, 🐉移动专线「多线路」, 🐉央视付费频道, 🐉特色频道, 🐉4K-8K频道, 🐉国内体育, 🐉海外体育, 🐉咪咕视频-①🏆, 🐉咪咕视频-②🏆, 🐉香港频道「线路1」, 🐉香港频道「线路2」, 🐉湾湾频道「线路1」, 🐉湾湾频道「线路2」, 🐉湾湾频道「线路3」, 🐉日本频道🦮, 🐉韩国频道🦆, 🐉美国频道🦅, 🐉英国频道🦁, 🐉电影频道🎥, 🐉游戏赛事🐸, 🐉埋堆堆🙉, 🐉斗鱼轮播🦈, 🐉虎牙轮播🐯, 🐉YY轮播🦞, 🐉经典电影🎞, 🐉经典电视剧📺, 🐉少儿频道👶🏻, 🐉北京频道, 🐉上海频道, 🐉广东频道, 🐉湖南频道, 🐉各地方频道, 🐉HBO&iHOT频道, 🐉SITV频道, 🐉NewTV频道, 🐉全国景区直播, 🐉纪录片频道, 🐉广播剧场🎙
2024-08-18 05:47:55,721 - INFO - url: https://live.zhoujie218.top/tv/iptv6.txt 获取成功，判断为txt格式
2024-08-18 05:47:55,722 - INFO - url: https://live.zhoujie218.top/tv/iptv6.txt 爬取成功✅，包含频道分类: 央视频道, 卫视频道, 数字频道, 地方频道, 更新时间
2024-08-18 05:47:55,907 - INFO - url: https://raw.githubusercontent.com/Guovin/TV/gd/result.txt 获取成功，判断为txt格式
2024-08-18 05:47:55,908 - INFO - url: https://raw.githubusercontent.com/Guovin/TV/gd/result.txt 爬取成功✅，包含频道分类: 广东频道, 央视频道, 卫视频道, 港·澳·台
2024-08-18 05:47:56,194 - INFO - url: https://raw.githubusercontent.com/vbskycn/iptv/master/tv/hd.txt 获取成功，判断为txt格式
2024-08-18 05:47:56,196 - INFO - url: https://raw.githubusercontent.com/vbskycn/iptv/master/tv/hd.txt 爬取成功✅，包含频道分类: ﻿央视频道jxH, 江西本地jxH, 卫视频道jxH, 体育频道jxH, 儿童频道jxH, 特色频道jxH, 央视ysp, 卫视ysp, 黄金赛事ysp, 央视频道ip6, 卫视频道ip6, 数字频道ip6, 地方频道ip6, 更新时间ip6, 央视频道ip4, 卫视频道ip4, 数字频道ip4, 地方频道ip4, 港·澳·台ip4, 更新时间ip4, 央视-itv, 卫视-itv, 地方-itv, 其他-itv, NewTV-itv, SiTV-itv, iHOT-itv, 體育sport, 戲劇電影sport, 探索自然sport, 少兒sport, 綜合sport, 新聞資訊sport, 綜合4gtv, 新聞財經4gtv, 電影戲劇4gtv, 生活旅遊4gtv, 音樂綜藝4gtv, 少兒4gtv, 其他4gtv, 體育4gtv
2024-08-18 05:47:56,298 - INFO - url: https://cdn.jsdelivr.net/gh/YueChan/live@main/IPTV.m3u 获取成功，判断为m3u格式
2024-08-18 05:47:56,299 - INFO - url: https://cdn.jsdelivr.net/gh/YueChan/live@main/IPTV.m3u 爬取成功✅，包含频道分类: 央视, 卫视, 地方, 数字, 国际, 联通
2024-08-18 05:47:56,440 - INFO - url: https://raw.githubusercontent.com/cymz6/AutoIPTV-Hotel/main/lives.txt 获取成功，判断为txt格式
2024-08-18 05:47:56,441 - INFO - url: https://raw.githubusercontent.com/cymz6/AutoIPTV-Hotel/main/lives.txt 爬取成功✅，包含频道分类: 央视频道, 卫视频道, 其他频道
2024-08-18 05:47:56,594 - INFO - url: https://raw.githubusercontent.com/PizazzGY/TVBox_warehouse/main/live.txt 获取成功，判断为txt格式
2024-08-18 05:47:56,598 - INFO - url: https://raw.githubusercontent.com/PizazzGY/TVBox_warehouse/main/live.txt 爬取成功✅，包含频道分类: 央视频道, 卫视频道, 地方频道, 港·澳·台, 咪咕直播, 数字频道, 超高清频道, 埋堆堆, BesTV频道, iHOT频道, SiTV频道, NewTV频道
2024-08-18 05:47:56,628 - INFO - url: https://raw.githubusercontent.com/ssili126/tv/main/itvlist.txt 获取成功，判断为txt格式
2024-08-18 05:47:56,630 - INFO - url: https://raw.githubusercontent.com/ssili126/tv/main/itvlist.txt 爬取成功✅，包含频道分类: 央视频道, 卫视频道, 其他频道
2024-08-18 05:47:57,014 - INFO - url: https://raw.githubusercontent.com/kimwang1978/collect-tv-txt/main/merged_output.txt 获取成功，判断为txt格式
2024-08-18 05:47:57,072 - INFO - url: https://raw.githubusercontent.com/kimwang1978/collect-tv-txt/main/merged_output.txt 爬取成功✅，包含频道分类: 更新时间, 🆕专享电影, 🌐央视频道, 📡卫视频道, 上海频道, 体育频道, 电影频道, 电视剧频道, 明星, 主题片, 港澳台, 国际台, 纪录片, 动画片, 戏曲频道, 综艺频道, 音乐频道, 游戏频道, ☘️浙江频道, ☘️江苏频道, ☘️湖南频道, ☘️湖北频道, ☘️安徽频道, ☘️广东频道, ☘️海南频道, ☘️内蒙频道, ☘️辽宁频道, ☘️陕西频道, ☘️山西频道, ☘️山东频道, ☘️云南频道, ☘️北京频道, ☘️重庆频道, ☘️福建频道, ☘️甘肃频道, ☘️广西频道, ☘️贵州频道, ☘️河北频道, ☘️河南频道, ☘️黑龙江频道, ☘️吉林频道, ☘️江西频道, ☘️宁夏频道, ☘️青海频道, ☘️四川频道, ☘️天津频道, ☘️新疆频道, 解说频道, 春晚, 直播中国, MTV, 收音机频道
